{
"/Users/john/Sites/assemble/assemble-navigation/index.js":{"path":"/Users/john/Sites/assemble/assemble-navigation/index.js","s":{"1":0,"2":0,"3":0},"b":{},"f":{},"fnMap":{},"statementMap":{"1":{"start":{"line":13,"column":0},"end":{"line":13,"column":45}},"2":{"start":{"line":36,"column":0},"end":{"line":36,"column":27}},"3":{"start":{"line":39,"column":0},"end":{"line":39,"column":28}}},"branchMap":{},"l":{"13":0,"36":0,"39":0}},
"/Users/john/Sites/assemble/assemble-navigation/lib/navigation.js":{"path":"/Users/john/Sites/assemble/assemble-navigation/lib/navigation.js","s":{"1":1,"2":1,"3":1,"4":1,"5":1,"6":1,"7":1,"8":1,"9":1,"10":1,"11":1,"12":1,"13":1,"14":1,"15":1,"16":1,"17":1,"18":0,"19":0,"20":0,"21":0,"22":0,"23":0,"24":0,"25":0,"26":1,"27":1,"28":1,"29":1,"30":1,"31":0,"32":1,"33":1,"34":1,"35":1,"36":0,"37":0,"38":0,"39":0,"40":1,"41":5,"42":5,"43":5,"44":5,"45":5,"46":1,"47":5,"48":5,"49":1,"50":5,"51":5,"52":5,"53":5,"54":1,"55":5,"56":5,"57":5,"58":5,"59":1,"60":5,"61":2,"62":0,"63":0,"64":2,"65":2,"66":3,"67":1,"68":5,"69":5,"70":5,"71":5,"72":3,"73":3,"74":2,"75":3,"76":1,"77":1,"78":1,"79":0,"80":0,"81":0,"82":0,"83":0,"84":0,"85":0,"86":2,"87":1,"88":0,"89":0,"90":0,"91":0,"92":0,"93":0,"94":1,"95":0,"96":0,"97":0,"98":0,"99":0,"100":0,"101":0,"102":0,"103":0,"104":0,"105":0,"106":0,"107":0,"108":0,"109":0,"110":0,"111":0,"112":0,"113":1,"114":0,"115":1,"116":0,"117":0,"118":0,"119":0,"120":0,"121":0,"122":0,"123":0,"124":0,"125":0,"126":0,"127":0,"128":0,"129":0,"130":0,"131":0,"132":0,"133":0,"134":0,"135":1,"136":1,"137":1,"138":1,"139":1,"140":1,"141":5,"142":5,"143":5,"144":5,"145":5,"146":0,"147":5,"148":3,"149":1,"150":0,"151":0,"152":1,"153":0,"154":0,"155":0,"156":0,"157":0,"158":1,"159":2,"160":1},"b":{"1":[0,1],"2":[0,0],"3":[0,0],"4":[0,0],"5":[1,1],"6":[0,5],"7":[5,0],"8":[5,5,0],"9":[2,3],"10":[0,2],"11":[3,2],"12":[3,2],"13":[1,2],"14":[1,0],"15":[0,0],"16":[0,0],"17":[0,0],"18":[0,0],"19":[0,0],"20":[0,0],"21":[0,0],"22":[0,0],"23":[1,1],"24":[0,5]},"f":{"1":1,"2":1,"3":1,"4":0,"5":0,"6":1,"7":0,"8":5,"9":5,"10":5,"11":5,"12":5,"13":5,"14":0,"15":0,"16":0,"17":0,"18":0,"19":0,"20":0,"21":0,"22":1,"23":1,"24":5,"25":5,"26":0,"27":0,"28":0,"29":0,"30":2},"fnMap":{"1":{"name":"(anonymous_1)","line":26,"loc":{"start":{"line":26,"column":17},"end":{"line":26,"column":27}}},"2":{"name":"parseOptions","line":38,"loc":{"start":{"line":38,"column":2},"end":{"line":38,"column":34}}},"3":{"name":"(anonymous_3)","line":41,"loc":{"start":{"line":41,"column":24},"end":{"line":41,"column":43}}},"4":{"name":"(anonymous_4)","line":45,"loc":{"start":{"line":45,"column":30},"end":{"line":45,"column":44}}},"5":{"name":"addMenu","line":73,"loc":{"start":{"line":73,"column":2},"end":{"line":73,"column":28}}},"6":{"name":"startNav","line":78,"loc":{"start":{"line":78,"column":2},"end":{"line":78,"column":21}}},"7":{"name":"findPath","line":89,"loc":{"start":{"line":89,"column":2},"end":{"line":89,"column":28}}},"8":{"name":"getAssignedMenus","line":101,"loc":{"start":{"line":101,"column":2},"end":{"line":101,"column":36}}},"9":{"name":"findMenuPath","line":118,"loc":{"start":{"line":118,"column":2},"end":{"line":118,"column":32}}},"10":{"name":"createMenuItem","line":129,"loc":{"start":{"line":129,"column":2},"end":{"line":129,"column":37}}},"11":{"name":"generateLinkId","line":148,"loc":{"start":{"line":148,"column":2},"end":{"line":148,"column":37}}},"12":{"name":"addToTree","line":155,"loc":{"start":{"line":155,"column":2},"end":{"line":155,"column":49}}},"13":{"name":"growBranch","line":175,"loc":{"start":{"line":175,"column":2},"end":{"line":175,"column":54}}},"14":{"name":"highlightPath","line":234,"loc":{"start":{"line":234,"column":2},"end":{"line":234,"column":40}}},"15":{"name":"(anonymous_15)","line":238,"loc":{"start":{"line":238,"column":21},"end":{"line":238,"column":35}}},"16":{"name":"scanMenu","line":257,"loc":{"start":{"line":257,"column":2},"end":{"line":257,"column":56}}},"17":{"name":"menuSort","line":292,"loc":{"start":{"line":292,"column":2},"end":{"line":292,"column":25}}},"18":{"name":"build","line":303,"loc":{"start":{"line":303,"column":15},"end":{"line":303,"column":37}}},"19":{"name":"(anonymous_19)","line":321,"loc":{"start":{"line":321,"column":21},"end":{"line":321,"column":38}}},"20":{"name":"(anonymous_20)","line":326,"loc":{"start":{"line":326,"column":23},"end":{"line":326,"column":37}}},"21":{"name":"(anonymous_21)","line":339,"loc":{"start":{"line":339,"column":31},"end":{"line":339,"column":62}}},"22":{"name":"configuration","line":354,"loc":{"start":{"line":354,"column":23},"end":{"line":354,"column":53}}},"23":{"name":"parsePages","line":365,"loc":{"start":{"line":365,"column":20},"end":{"line":365,"column":41}}},"24":{"name":"(anonymous_24)","line":366,"loc":{"start":{"line":366,"column":11},"end":{"line":366,"column":33}}},"25":{"name":"(anonymous_25)","line":371,"loc":{"start":{"line":371,"column":23},"end":{"line":371,"column":37}}},"26":{"name":"sortMenus","line":386,"loc":{"start":{"line":386,"column":19},"end":{"line":386,"column":39}}},"27":{"name":"(anonymous_27)","line":388,"loc":{"start":{"line":388,"column":31},"end":{"line":388,"column":62}}},"28":{"name":"inject","line":393,"loc":{"start":{"line":393,"column":16},"end":{"line":393,"column":33}}},"29":{"name":"(anonymous_29)","line":395,"loc":{"start":{"line":395,"column":11},"end":{"line":395,"column":33}}},"30":{"name":"(anonymous_30)","line":417,"loc":{"start":{"line":417,"column":22},"end":{"line":417,"column":32}}}},"statementMap":{"1":{"start":{"line":15,"column":0},"end":{"line":15,"column":27}},"2":{"start":{"line":18,"column":0},"end":{"line":18,"column":28}},"3":{"start":{"line":19,"column":0},"end":{"line":19,"column":38}},"4":{"start":{"line":20,"column":0},"end":{"line":20,"column":34}},"5":{"start":{"line":21,"column":0},"end":{"line":21,"column":28}},"6":{"start":{"line":22,"column":0},"end":{"line":22,"column":37}},"7":{"start":{"line":26,"column":0},"end":{"line":425,"column":2}},"8":{"start":{"line":27,"column":2},"end":{"line":27,"column":18}},"9":{"start":{"line":29,"column":2},"end":{"line":29,"column":23}},"10":{"start":{"line":30,"column":2},"end":{"line":30,"column":20}},"11":{"start":{"line":31,"column":2},"end":{"line":31,"column":30}},"12":{"start":{"line":34,"column":2},"end":{"line":36,"column":4}},"13":{"start":{"line":38,"column":2},"end":{"line":71,"column":3}},"14":{"start":{"line":39,"column":4},"end":{"line":39,"column":24}},"15":{"start":{"line":41,"column":4},"end":{"line":65,"column":7}},"16":{"start":{"line":42,"column":6},"end":{"line":42,"column":21}},"17":{"start":{"line":44,"column":6},"end":{"line":60,"column":7}},"18":{"start":{"line":45,"column":8},"end":{"line":58,"column":11}},"19":{"start":{"line":46,"column":10},"end":{"line":57,"column":11}},"20":{"start":{"line":47,"column":12},"end":{"line":50,"column":14}},"21":{"start":{"line":51,"column":12},"end":{"line":51,"column":33}},"22":{"start":{"line":53,"column":12},"end":{"line":55,"column":13}},"23":{"start":{"line":54,"column":14},"end":{"line":54,"column":45}},"24":{"start":{"line":56,"column":12},"end":{"line":56,"column":29}},"25":{"start":{"line":59,"column":8},"end":{"line":59,"column":27}},"26":{"start":{"line":63,"column":6},"end":{"line":63,"column":48}},"27":{"start":{"line":64,"column":6},"end":{"line":64,"column":51}},"28":{"start":{"line":68,"column":4},"end":{"line":68,"column":71}},"29":{"start":{"line":70,"column":4},"end":{"line":70,"column":22}},"30":{"start":{"line":73,"column":2},"end":{"line":76,"column":3}},"31":{"start":{"line":75,"column":4},"end":{"line":75,"column":59}},"32":{"start":{"line":78,"column":2},"end":{"line":82,"column":3}},"33":{"start":{"line":80,"column":4},"end":{"line":80,"column":41}},"34":{"start":{"line":81,"column":4},"end":{"line":81,"column":16}},"35":{"start":{"line":89,"column":2},"end":{"line":94,"column":3}},"36":{"start":{"line":90,"column":4},"end":{"line":90,"column":32}},"37":{"start":{"line":91,"column":4},"end":{"line":91,"column":46}},"38":{"start":{"line":92,"column":4},"end":{"line":92,"column":53}},"39":{"start":{"line":93,"column":4},"end":{"line":93,"column":31}},"40":{"start":{"line":101,"column":2},"end":{"line":110,"column":3}},"41":{"start":{"line":102,"column":4},"end":{"line":102,"column":32}},"42":{"start":{"line":103,"column":4},"end":{"line":103,"column":74}},"43":{"start":{"line":105,"column":4},"end":{"line":107,"column":5}},"44":{"start":{"line":106,"column":6},"end":{"line":106,"column":22}},"45":{"start":{"line":109,"column":4},"end":{"line":109,"column":17}},"46":{"start":{"line":118,"column":2},"end":{"line":121,"column":3}},"47":{"start":{"line":119,"column":4},"end":{"line":119,"column":61}},"48":{"start":{"line":120,"column":4},"end":{"line":120,"column":15}},"49":{"start":{"line":129,"column":2},"end":{"line":146,"column":3}},"50":{"start":{"line":130,"column":4},"end":{"line":130,"column":29}},"51":{"start":{"line":131,"column":4},"end":{"line":131,"column":28}},"52":{"start":{"line":132,"column":4},"end":{"line":144,"column":6}},"53":{"start":{"line":145,"column":4},"end":{"line":145,"column":20}},"54":{"start":{"line":148,"column":2},"end":{"line":153,"column":3}},"55":{"start":{"line":149,"column":4},"end":{"line":149,"column":48}},"56":{"start":{"line":150,"column":4},"end":{"line":150,"column":15}},"57":{"start":{"line":151,"column":4},"end":{"line":151,"column":80}},"58":{"start":{"line":152,"column":4},"end":{"line":152,"column":18}},"59":{"start":{"line":155,"column":2},"end":{"line":173,"column":3}},"60":{"start":{"line":158,"column":4},"end":{"line":171,"column":5}},"61":{"start":{"line":160,"column":6},"end":{"line":167,"column":7}},"62":{"start":{"line":162,"column":8},"end":{"line":162,"column":76}},"63":{"start":{"line":163,"column":8},"end":{"line":163,"column":56}},"64":{"start":{"line":165,"column":8},"end":{"line":165,"column":52}},"65":{"start":{"line":166,"column":8},"end":{"line":166,"column":38}},"66":{"start":{"line":170,"column":6},"end":{"line":170,"column":60}},"67":{"start":{"line":175,"column":2},"end":{"line":225,"column":3}},"68":{"start":{"line":178,"column":4},"end":{"line":178,"column":34}},"69":{"start":{"line":179,"column":4},"end":{"line":179,"column":15}},"70":{"start":{"line":181,"column":4},"end":{"line":181,"column":44}},"71":{"start":{"line":184,"column":4},"end":{"line":199,"column":5}},"72":{"start":{"line":188,"column":6},"end":{"line":194,"column":8}},"73":{"start":{"line":195,"column":6},"end":{"line":195,"column":24}},"74":{"start":{"line":198,"column":6},"end":{"line":198,"column":46}},"75":{"start":{"line":201,"column":4},"end":{"line":223,"column":5}},"76":{"start":{"line":203,"column":6},"end":{"line":220,"column":7}},"77":{"start":{"line":204,"column":8},"end":{"line":204,"column":33}},"78":{"start":{"line":205,"column":8},"end":{"line":205,"column":43}},"79":{"start":{"line":207,"column":8},"end":{"line":210,"column":9}},"80":{"start":{"line":209,"column":10},"end":{"line":209,"column":28}},"81":{"start":{"line":212,"column":8},"end":{"line":219,"column":9}},"82":{"start":{"line":214,"column":10},"end":{"line":214,"column":76}},"83":{"start":{"line":215,"column":10},"end":{"line":215,"column":58}},"84":{"start":{"line":217,"column":10},"end":{"line":217,"column":59}},"85":{"start":{"line":218,"column":10},"end":{"line":218,"column":38}},"86":{"start":{"line":222,"column":6},"end":{"line":222,"column":44}},"87":{"start":{"line":234,"column":2},"end":{"line":244,"column":3}},"88":{"start":{"line":236,"column":4},"end":{"line":236,"column":39}},"89":{"start":{"line":238,"column":4},"end":{"line":243,"column":7}},"90":{"start":{"line":239,"column":6},"end":{"line":239,"column":39}},"91":{"start":{"line":240,"column":6},"end":{"line":240,"column":30}},"92":{"start":{"line":241,"column":6},"end":{"line":241,"column":40}},"93":{"start":{"line":242,"column":6},"end":{"line":242,"column":50}},"94":{"start":{"line":257,"column":2},"end":{"line":290,"column":3}},"95":{"start":{"line":258,"column":4},"end":{"line":258,"column":48}},"96":{"start":{"line":261,"column":4},"end":{"line":261,"column":55}},"97":{"start":{"line":262,"column":4},"end":{"line":267,"column":5}},"98":{"start":{"line":265,"column":6},"end":{"line":265,"column":38}},"99":{"start":{"line":266,"column":6},"end":{"line":266,"column":13}},"100":{"start":{"line":269,"column":4},"end":{"line":269,"column":66}},"101":{"start":{"line":270,"column":4},"end":{"line":270,"column":51}},"102":{"start":{"line":271,"column":4},"end":{"line":289,"column":5}},"103":{"start":{"line":274,"column":6},"end":{"line":287,"column":7}},"104":{"start":{"line":275,"column":8},"end":{"line":275,"column":40}},"105":{"start":{"line":277,"column":8},"end":{"line":277,"column":35}},"106":{"start":{"line":279,"column":8},"end":{"line":279,"column":38}},"107":{"start":{"line":280,"column":8},"end":{"line":280,"column":55}},"108":{"start":{"line":282,"column":8},"end":{"line":282,"column":57}},"109":{"start":{"line":283,"column":8},"end":{"line":286,"column":9}},"110":{"start":{"line":284,"column":10},"end":{"line":284,"column":36}},"111":{"start":{"line":285,"column":10},"end":{"line":285,"column":65}},"112":{"start":{"line":288,"column":6},"end":{"line":288,"column":13}},"113":{"start":{"line":292,"column":2},"end":{"line":294,"column":3}},"114":{"start":{"line":293,"column":4},"end":{"line":293,"column":52}},"115":{"start":{"line":303,"column":2},"end":{"line":347,"column":4}},"116":{"start":{"line":309,"column":4},"end":{"line":309,"column":50}},"117":{"start":{"line":310,"column":4},"end":{"line":310,"column":68}},"118":{"start":{"line":313,"column":4},"end":{"line":313,"column":41}},"119":{"start":{"line":314,"column":4},"end":{"line":314,"column":97}},"120":{"start":{"line":315,"column":4},"end":{"line":315,"column":81}},"121":{"start":{"line":318,"column":4},"end":{"line":318,"column":33}},"122":{"start":{"line":321,"column":4},"end":{"line":333,"column":7}},"123":{"start":{"line":322,"column":6},"end":{"line":322,"column":34}},"124":{"start":{"line":323,"column":6},"end":{"line":323,"column":45}},"125":{"start":{"line":324,"column":6},"end":{"line":324,"column":107}},"126":{"start":{"line":326,"column":6},"end":{"line":332,"column":9}},"127":{"start":{"line":327,"column":8},"end":{"line":327,"column":44}},"128":{"start":{"line":328,"column":8},"end":{"line":328,"column":108}},"129":{"start":{"line":329,"column":8},"end":{"line":329,"column":53}},"130":{"start":{"line":331,"column":8},"end":{"line":331,"column":60}},"131":{"start":{"line":335,"column":4},"end":{"line":335,"column":103}},"132":{"start":{"line":339,"column":4},"end":{"line":341,"column":7}},"133":{"start":{"line":340,"column":6},"end":{"line":340,"column":32}},"134":{"start":{"line":346,"column":4},"end":{"line":346,"column":27}},"135":{"start":{"line":354,"column":2},"end":{"line":362,"column":4}},"136":{"start":{"line":355,"column":4},"end":{"line":355,"column":40}},"137":{"start":{"line":358,"column":4},"end":{"line":358,"column":41}},"138":{"start":{"line":361,"column":4},"end":{"line":361,"column":33}},"139":{"start":{"line":365,"column":2},"end":{"line":384,"column":4}},"140":{"start":{"line":366,"column":4},"end":{"line":383,"column":6}},"141":{"start":{"line":367,"column":6},"end":{"line":367,"column":41}},"142":{"start":{"line":371,"column":6},"end":{"line":380,"column":9}},"143":{"start":{"line":372,"column":8},"end":{"line":372,"column":41}},"144":{"start":{"line":374,"column":8},"end":{"line":374,"column":50}},"145":{"start":{"line":376,"column":8},"end":{"line":378,"column":9}},"146":{"start":{"line":377,"column":10},"end":{"line":377,"column":24}},"147":{"start":{"line":379,"column":8},"end":{"line":379,"column":60}},"148":{"start":{"line":382,"column":6},"end":{"line":382,"column":13}},"149":{"start":{"line":386,"column":2},"end":{"line":391,"column":4}},"150":{"start":{"line":388,"column":4},"end":{"line":390,"column":7}},"151":{"start":{"line":389,"column":6},"end":{"line":389,"column":32}},"152":{"start":{"line":393,"column":2},"end":{"line":411,"column":4}},"153":{"start":{"line":395,"column":4},"end":{"line":410,"column":6}},"154":{"start":{"line":400,"column":6},"end":{"line":400,"column":50}},"155":{"start":{"line":403,"column":6},"end":{"line":403,"column":36}},"156":{"start":{"line":406,"column":6},"end":{"line":406,"column":65}},"157":{"start":{"line":409,"column":6},"end":{"line":409,"column":13}},"158":{"start":{"line":417,"column":2},"end":{"line":424,"column":4}},"159":{"start":{"line":418,"column":4},"end":{"line":423,"column":6}},"160":{"start":{"line":427,"column":0},"end":{"line":427,"column":34}}},"branchMap":{"1":{"line":44,"type":"if","locations":[{"start":{"line":44,"column":6},"end":{"line":44,"column":6}},{"start":{"line":44,"column":6},"end":{"line":44,"column":6}}]},"2":{"line":46,"type":"if","locations":[{"start":{"line":46,"column":10},"end":{"line":46,"column":10}},{"start":{"line":46,"column":10},"end":{"line":46,"column":10}}]},"3":{"line":49,"type":"binary-expr","locations":[{"start":{"line":49,"column":27},"end":{"line":49,"column":42}},{"start":{"line":49,"column":46},"end":{"line":49,"column":58}}]},"4":{"line":53,"type":"if","locations":[{"start":{"line":53,"column":12},"end":{"line":53,"column":12}},{"start":{"line":53,"column":12},"end":{"line":53,"column":12}}]},"5":{"line":68,"type":"binary-expr","locations":[{"start":{"line":68,"column":23},"end":{"line":68,"column":60}},{"start":{"line":68,"column":64},"end":{"line":68,"column":70}}]},"6":{"line":103,"type":"cond-expr","locations":[{"start":{"line":103,"column":40},"end":{"line":103,"column":56}},{"start":{"line":103,"column":57},"end":{"line":103,"column":73}}]},"7":{"line":105,"type":"if","locations":[{"start":{"line":105,"column":4},"end":{"line":105,"column":4}},{"start":{"line":105,"column":4},"end":{"line":105,"column":4}}]},"8":{"line":134,"type":"binary-expr","locations":[{"start":{"line":134,"column":13},"end":{"line":134,"column":35}},{"start":{"line":134,"column":39},"end":{"line":134,"column":53}},{"start":{"line":134,"column":57},"end":{"line":134,"column":66}}]},"9":{"line":158,"type":"if","locations":[{"start":{"line":158,"column":4},"end":{"line":158,"column":4}},{"start":{"line":158,"column":4},"end":{"line":158,"column":4}}]},"10":{"line":160,"type":"if","locations":[{"start":{"line":160,"column":6},"end":{"line":160,"column":6}},{"start":{"line":160,"column":6},"end":{"line":160,"column":6}}]},"11":{"line":184,"type":"if","locations":[{"start":{"line":184,"column":4},"end":{"line":184,"column":4}},{"start":{"line":184,"column":4},"end":{"line":184,"column":4}}]},"12":{"line":193,"type":"binary-expr","locations":[{"start":{"line":193,"column":20},"end":{"line":193,"column":31}},{"start":{"line":193,"column":35},"end":{"line":193,"column":38}}]},"13":{"line":201,"type":"if","locations":[{"start":{"line":201,"column":4},"end":{"line":201,"column":4}},{"start":{"line":201,"column":4},"end":{"line":201,"column":4}}]},"14":{"line":203,"type":"if","locations":[{"start":{"line":203,"column":6},"end":{"line":203,"column":6}},{"start":{"line":203,"column":6},"end":{"line":203,"column":6}}]},"15":{"line":207,"type":"if","locations":[{"start":{"line":207,"column":8},"end":{"line":207,"column":8}},{"start":{"line":207,"column":8},"end":{"line":207,"column":8}}]},"16":{"line":212,"type":"if","locations":[{"start":{"line":212,"column":8},"end":{"line":212,"column":8}},{"start":{"line":212,"column":8},"end":{"line":212,"column":8}}]},"17":{"line":217,"type":"binary-expr","locations":[{"start":{"line":217,"column":32},"end":{"line":217,"column":51}},{"start":{"line":217,"column":55},"end":{"line":217,"column":58}}]},"18":{"line":262,"type":"if","locations":[{"start":{"line":262,"column":4},"end":{"line":262,"column":4}},{"start":{"line":262,"column":4},"end":{"line":262,"column":4}}]},"19":{"line":271,"type":"if","locations":[{"start":{"line":271,"column":4},"end":{"line":271,"column":4}},{"start":{"line":271,"column":4},"end":{"line":271,"column":4}}]},"20":{"line":274,"type":"if","locations":[{"start":{"line":274,"column":6},"end":{"line":274,"column":6}},{"start":{"line":274,"column":6},"end":{"line":274,"column":6}}]},"21":{"line":283,"type":"if","locations":[{"start":{"line":283,"column":8},"end":{"line":283,"column":8}},{"start":{"line":283,"column":8},"end":{"line":283,"column":8}}]},"22":{"line":310,"type":"binary-expr","locations":[{"start":{"line":310,"column":20},"end":{"line":310,"column":54}},{"start":{"line":310,"column":58},"end":{"line":310,"column":67}}]},"23":{"line":355,"type":"binary-expr","locations":[{"start":{"line":355,"column":20},"end":{"line":355,"column":26}},{"start":{"line":355,"column":30},"end":{"line":355,"column":39}}]},"24":{"line":376,"type":"if","locations":[{"start":{"line":376,"column":8},"end":{"line":376,"column":8}},{"start":{"line":376,"column":8},"end":{"line":376,"column":8}}]}},"l":{"15":1,"18":1,"19":1,"20":1,"21":1,"22":1,"26":1,"27":1,"29":1,"30":1,"31":1,"34":1,"38":1,"39":1,"41":1,"42":1,"44":1,"45":0,"46":0,"47":0,"51":0,"53":0,"54":0,"56":0,"59":0,"63":1,"64":1,"68":1,"70":1,"73":1,"75":0,"78":1,"80":1,"81":1,"89":1,"90":0,"91":0,"92":0,"93":0,"101":1,"102":5,"103":5,"105":5,"106":5,"109":5,"118":1,"119":5,"120":5,"129":1,"130":5,"131":5,"132":5,"145":5,"148":1,"149":5,"150":5,"151":5,"152":5,"155":1,"158":5,"160":2,"162":0,"163":0,"165":2,"166":2,"170":3,"175":1,"178":5,"179":5,"181":5,"184":5,"188":3,"195":3,"198":2,"201":3,"203":1,"204":1,"205":1,"207":0,"209":0,"212":0,"214":0,"215":0,"217":0,"218":0,"222":2,"234":1,"236":0,"238":0,"239":0,"240":0,"241":0,"242":0,"257":1,"258":0,"261":0,"262":0,"265":0,"266":0,"269":0,"270":0,"271":0,"274":0,"275":0,"277":0,"279":0,"280":0,"282":0,"283":0,"284":0,"285":0,"288":0,"292":1,"293":0,"303":1,"309":0,"310":0,"313":0,"314":0,"315":0,"318":0,"321":0,"322":0,"323":0,"324":0,"326":0,"327":0,"328":0,"329":0,"331":0,"335":0,"339":0,"340":0,"346":0,"354":1,"355":1,"358":1,"361":1,"365":1,"366":1,"367":5,"371":5,"372":5,"374":5,"376":5,"377":0,"379":5,"382":3,"386":1,"388":0,"389":0,"393":1,"395":0,"400":0,"403":0,"406":0,"409":0,"417":1,"418":2,"427":1}}}
