TN:
SF:/Users/john/Sites/assemble/assemble-navigation/index.js
FNF:0
FNH:0
DA:13,0
DA:36,0
DA:39,0
LF:3
LH:0
BRF:0
BRH:0
end_of_record
TN:
SF:/Users/john/Sites/assemble/assemble-navigation/lib/navigation.js
FN:26,(anonymous_1)
FN:38,parseOptions
FN:41,(anonymous_3)
FN:45,(anonymous_4)
FN:73,addMenu
FN:78,startNav
FN:89,findPath
FN:101,getAssignedMenus
FN:118,findMenuPath
FN:129,createMenuItem
FN:148,generateLinkId
FN:155,addToTree
FN:175,growBranch
FN:234,highlightPath
FN:238,(anonymous_15)
FN:257,scanMenu
FN:292,menuSort
FN:303,build
FN:321,(anonymous_19)
FN:326,(anonymous_20)
FN:339,(anonymous_21)
FN:354,configuration
FN:365,parsePages
FN:366,(anonymous_24)
FN:371,(anonymous_25)
FN:386,sortMenus
FN:388,(anonymous_27)
FN:393,inject
FN:395,(anonymous_29)
FN:417,(anonymous_30)
FNF:30
FNH:15
FNDA:1,(anonymous_1)
FNDA:1,parseOptions
FNDA:1,(anonymous_3)
FNDA:0,(anonymous_4)
FNDA:0,addMenu
FNDA:1,startNav
FNDA:0,findPath
FNDA:5,getAssignedMenus
FNDA:5,findMenuPath
FNDA:5,createMenuItem
FNDA:5,generateLinkId
FNDA:5,addToTree
FNDA:5,growBranch
FNDA:0,highlightPath
FNDA:0,(anonymous_15)
FNDA:0,scanMenu
FNDA:0,menuSort
FNDA:0,build
FNDA:0,(anonymous_19)
FNDA:0,(anonymous_20)
FNDA:0,(anonymous_21)
FNDA:1,configuration
FNDA:1,parsePages
FNDA:5,(anonymous_24)
FNDA:5,(anonymous_25)
FNDA:0,sortMenus
FNDA:0,(anonymous_27)
FNDA:0,inject
FNDA:0,(anonymous_29)
FNDA:2,(anonymous_30)
DA:15,1
DA:18,1
DA:19,1
DA:20,1
DA:21,1
DA:22,1
DA:26,1
DA:27,1
DA:29,1
DA:30,1
DA:31,1
DA:34,1
DA:38,1
DA:39,1
DA:41,1
DA:42,1
DA:44,1
DA:45,0
DA:46,0
DA:47,0
DA:51,0
DA:53,0
DA:54,0
DA:56,0
DA:59,0
DA:63,1
DA:64,1
DA:68,1
DA:70,1
DA:73,1
DA:75,0
DA:78,1
DA:80,1
DA:81,1
DA:89,1
DA:90,0
DA:91,0
DA:92,0
DA:93,0
DA:101,1
DA:102,5
DA:103,5
DA:105,5
DA:106,5
DA:109,5
DA:118,1
DA:119,5
DA:120,5
DA:129,1
DA:130,5
DA:131,5
DA:132,5
DA:145,5
DA:148,1
DA:149,5
DA:150,5
DA:151,5
DA:152,5
DA:155,1
DA:158,5
DA:160,2
DA:162,0
DA:163,0
DA:165,2
DA:166,2
DA:170,3
DA:175,1
DA:178,5
DA:179,5
DA:181,5
DA:184,5
DA:188,3
DA:195,3
DA:198,2
DA:201,3
DA:203,1
DA:204,1
DA:205,1
DA:207,0
DA:209,0
DA:212,0
DA:214,0
DA:215,0
DA:217,0
DA:218,0
DA:222,2
DA:234,1
DA:236,0
DA:238,0
DA:239,0
DA:240,0
DA:241,0
DA:242,0
DA:257,1
DA:258,0
DA:261,0
DA:262,0
DA:265,0
DA:266,0
DA:269,0
DA:270,0
DA:271,0
DA:274,0
DA:275,0
DA:277,0
DA:279,0
DA:280,0
DA:282,0
DA:283,0
DA:284,0
DA:285,0
DA:288,0
DA:292,1
DA:293,0
DA:303,1
DA:309,0
DA:310,0
DA:313,0
DA:314,0
DA:315,0
DA:318,0
DA:321,0
DA:322,0
DA:323,0
DA:324,0
DA:326,0
DA:327,0
DA:328,0
DA:329,0
DA:331,0
DA:335,0
DA:339,0
DA:340,0
DA:346,0
DA:354,1
DA:355,1
DA:358,1
DA:361,1
DA:365,1
DA:366,1
DA:367,5
DA:371,5
DA:372,5
DA:374,5
DA:376,5
DA:377,0
DA:379,5
DA:382,3
DA:386,1
DA:388,0
DA:389,0
DA:393,1
DA:395,0
DA:400,0
DA:403,0
DA:406,0
DA:409,0
DA:417,1
DA:418,2
DA:427,1
LF:160
LH:86
BRDA:44,1,0,0
BRDA:44,1,1,1
BRDA:46,2,0,0
BRDA:46,2,1,0
BRDA:49,3,0,0
BRDA:49,3,1,0
BRDA:53,4,0,0
BRDA:53,4,1,0
BRDA:68,5,0,1
BRDA:68,5,1,1
BRDA:103,6,0,0
BRDA:103,6,1,5
BRDA:105,7,0,5
BRDA:105,7,1,0
BRDA:134,8,0,5
BRDA:134,8,1,5
BRDA:134,8,2,0
BRDA:158,9,0,2
BRDA:158,9,1,3
BRDA:160,10,0,0
BRDA:160,10,1,2
BRDA:184,11,0,3
BRDA:184,11,1,2
BRDA:193,12,0,3
BRDA:193,12,1,2
BRDA:201,13,0,1
BRDA:201,13,1,2
BRDA:203,14,0,1
BRDA:203,14,1,0
BRDA:207,15,0,0
BRDA:207,15,1,0
BRDA:212,16,0,0
BRDA:212,16,1,0
BRDA:217,17,0,0
BRDA:217,17,1,0
BRDA:262,18,0,0
BRDA:262,18,1,0
BRDA:271,19,0,0
BRDA:271,19,1,0
BRDA:274,20,0,0
BRDA:274,20,1,0
BRDA:283,21,0,0
BRDA:283,21,1,0
BRDA:310,22,0,0
BRDA:310,22,1,0
BRDA:355,23,0,1
BRDA:355,23,1,1
BRDA:376,24,0,0
BRDA:376,24,1,5
BRF:49
BRH:20
end_of_record
